Start testing: May 16 01:13 MSK
----------------------------------------------------------
1/3 Testing: test1
1/3 Test: test1
Command: "/home/admin1/Sergi-0/workspace/projects/rk2/rk2-timp/build/check"
Directory: /home/admin1/Sergi-0/workspace/projects/rk2/rk2-timp/build
"test1" start time: May 16 01:13 MSK
Output:
----------------------------------------------------------
Running main() from /home/admin1/Sergi-0/workspace/projects/rk2/rk2-timp/third-party/gtest/googletest/src/gtest_main.cc
[==========] Running 3 tests from 1 test suite.
[----------] Global test environment set-up.
[----------] 3 tests from SingletonTest
[ RUN      ] SingletonTest.Creation
[       OK ] SingletonTest.Creation (0 ms)
[ RUN      ] SingletonTest.Restart
[       OK ] SingletonTest.Restart (0 ms)
[ RUN      ] SingletonTest.Tell
[       OK ] SingletonTest.Tell (0 ms)
[----------] 3 tests from SingletonTest (0 ms total)

[----------] Global test environment tear-down
[==========] 3 tests from 1 test suite ran. (0 ms total)
[  PASSED  ] 3 tests.
<end of output>
Test time =   0.00 sec
----------------------------------------------------------
Test Passed.
"test1" end time: May 16 01:13 MSK
"test1" time elapsed: 00:00:00
----------------------------------------------------------

2/3 Testing: test2
2/3 Test: test2
Command: "/home/admin1/Sergi-0/workspace/projects/rk2/rk2-timp/build/check"
Directory: /home/admin1/Sergi-0/workspace/projects/rk2/rk2-timp/build
"test2" start time: May 16 01:13 MSK
Output:
----------------------------------------------------------
Running main() from /home/admin1/Sergi-0/workspace/projects/rk2/rk2-timp/third-party/gtest/googletest/src/gtest_main.cc
[==========] Running 3 tests from 1 test suite.
[----------] Global test environment set-up.
[----------] 3 tests from SingletonTest
[ RUN      ] SingletonTest.Creation
[       OK ] SingletonTest.Creation (0 ms)
[ RUN      ] SingletonTest.Restart
[       OK ] SingletonTest.Restart (0 ms)
[ RUN      ] SingletonTest.Tell
[       OK ] SingletonTest.Tell (0 ms)
[----------] 3 tests from SingletonTest (0 ms total)

[----------] Global test environment tear-down
[==========] 3 tests from 1 test suite ran. (0 ms total)
[  PASSED  ] 3 tests.
<end of output>
Test time =   0.01 sec
----------------------------------------------------------
Test Passed.
"test2" end time: May 16 01:13 MSK
"test2" time elapsed: 00:00:00
----------------------------------------------------------

3/3 Testing: test3
3/3 Test: test3
Command: "/home/admin1/Sergi-0/workspace/projects/rk2/rk2-timp/build/check"
Directory: /home/admin1/Sergi-0/workspace/projects/rk2/rk2-timp/build
"test3" start time: May 16 01:13 MSK
Output:
----------------------------------------------------------
Running main() from /home/admin1/Sergi-0/workspace/projects/rk2/rk2-timp/third-party/gtest/googletest/src/gtest_main.cc
[==========] Running 3 tests from 1 test suite.
[----------] Global test environment set-up.
[----------] 3 tests from SingletonTest
[ RUN      ] SingletonTest.Creation
[       OK ] SingletonTest.Creation (0 ms)
[ RUN      ] SingletonTest.Restart
[       OK ] SingletonTest.Restart (0 ms)
[ RUN      ] SingletonTest.Tell
[       OK ] SingletonTest.Tell (0 ms)
[----------] 3 tests from SingletonTest (0 ms total)

[----------] Global test environment tear-down
[==========] 3 tests from 1 test suite ran. (0 ms total)
[  PASSED  ] 3 tests.
<end of output>
Test time =   0.01 sec
----------------------------------------------------------
Test Passed.
"test3" end time: May 16 01:13 MSK
"test3" time elapsed: 00:00:00
----------------------------------------------------------

End testing: May 16 01:13 MSK
